app/build/intermediates/manifest_merge_blame_file/devRelease/processDevReleaseMainManifest/manifest-merger-blame-dev-release-report.txt
1<?xml version="1.0" encoding="utf-8"?>
2<manifest xmlns:android="http://schemas.android.com/apk/res/android"
3    package="com.github.jing332.tts_server_android.dev"
4    android:versionCode="1441"
5    android:versionName="1.26.020101" >
6
7    <uses-sdk
8        android:minSdkVersion="21"
9        android:targetSdkVersion="35" />
10
11    <queries>
11-->src/main/AndroidManifest.xml:5:5-9:15
12        <intent>
12-->src/main/AndroidManifest.xml:6:9-8:18
13            <action android:name="android.intent.action.TTS_SERVICE" />
13-->src/main/AndroidManifest.xml:7:13-72
13-->src/main/AndroidManifest.xml:7:21-69
14        </intent>
15    </queries>
16
17    <uses-permission android:name="android.permission.MANAGE_EXTERNAL_STORAGE" />
17-->src/main/AndroidManifest.xml:11:5-13:40
17-->src/main/AndroidManifest.xml:12:9-66
18    <uses-permission android:name="android.permission.FOREGROUND_SERVICE_MEDIA_PLAYBACK" />
18-->src/main/AndroidManifest.xml:14:5-92
18-->src/main/AndroidManifest.xml:14:22-89
19    <uses-permission android:name="android.permission.SCHEDULE_EXACT_ALARM" />
19-->src/main/AndroidManifest.xml:15:5-79
19-->src/main/AndroidManifest.xml:15:22-76
20    <uses-permission android:name="android.permission.READ_EXTERNAL_STORAGE" />
20-->src/main/AndroidManifest.xml:16:5-80
20-->src/main/AndroidManifest.xml:16:22-77
21    <uses-permission android:name="android.permission.READ_MEDIA_AUDIO" />
21-->src/main/AndroidManifest.xml:17:5-75
21-->src/main/AndroidManifest.xml:17:22-72
22    <uses-permission android:name="android.permission.WRITE_EXTERNAL_STORAGE" />
22-->src/main/AndroidManifest.xml:18:5-81
22-->src/main/AndroidManifest.xml:18:22-78
23    <uses-permission android:name="android.permission.INTERNET" />
23-->src/main/AndroidManifest.xml:19:5-67
23-->src/main/AndroidManifest.xml:19:22-64
24    <uses-permission android:name="android.permission.FOREGROUND_SERVICE" />
24-->src/main/AndroidManifest.xml:20:5-77
24-->src/main/AndroidManifest.xml:20:22-74
25    <uses-permission android:name="android.permission.REQUEST_IGNORE_BATTERY_OPTIMIZATIONS" />
25-->src/main/AndroidManifest.xml:21:5-95
25-->src/main/AndroidManifest.xml:21:22-92
26    <uses-permission android:name="android.permission.WAKE_LOCK" />
26-->src/main/AndroidManifest.xml:22:5-68
26-->src/main/AndroidManifest.xml:22:22-65
27    <uses-permission android:name="android.permission.INSTALL_SHORTCUT" />
27-->src/main/AndroidManifest.xml:23:5-25:47
27-->src/main/AndroidManifest.xml:24:9-59
28    <uses-permission android:name="android.permission.POST_NOTIFICATIONS" />
28-->src/main/AndroidManifest.xml:26:5-77
28-->src/main/AndroidManifest.xml:26:22-74
29    <uses-permission android:name="android.permission.RECEIVE_BOOT_COMPLETED" />
29-->src/main/AndroidManifest.xml:27:5-81
29-->src/main/AndroidManifest.xml:27:22-78
30    <uses-permission android:name="android.permission.FOREGROUND_SERVICE_SPECIAL_USE" />
30-->src/main/AndroidManifest.xml:28:5-89
30-->src/main/AndroidManifest.xml:28:22-86
31    <uses-permission android:name="android.permission.BIND_JOB_SERVICE" />
31-->src/main/AndroidManifest.xml:29:5-75
31-->src/main/AndroidManifest.xml:29:22-72
32    <uses-permission android:name="android.permission.BIND_ACCESSIBILITY_SERVICE" />
32-->src/main/AndroidManifest.xml:30:5-85
32-->src/main/AndroidManifest.xml:30:22-82
33    <uses-permission android:name="android.permission.BIND_NOTIFICATION_LISTENER_SERVICE" />
33-->src/main/AndroidManifest.xml:31:5-93
33-->src/main/AndroidManifest.xml:31:22-90
34    <uses-permission android:name="android.permission.ACCESS_NETWORK_STATE" />
34-->src/main/AndroidManifest.xml:32:5-79
34-->src/main/AndroidManifest.xml:32:22-76
35    <uses-permission android:name="android.permission.CHANGE_NETWORK_STATE" />
35-->src/main/AndroidManifest.xml:33:5-79
35-->src/main/AndroidManifest.xml:33:22-76
36    <uses-permission android:name="android.permission.SYSTEM_ALERT_WINDOW" />
36-->src/main/AndroidManifest.xml:34:5-78
36-->src/main/AndroidManifest.xml:34:22-75
37
38    <permission
38-->[androidx.core:core:1.15.0] AndroidManifest.xml:22:5-24:47
39        android:name="com.github.jing332.tts_server_android.dev.DYNAMIC_RECEIVER_NOT_EXPORTED_PERMISSION"
39-->[androidx.core:core:1.15.0] AndroidManifest.xml:23:9-81
40        android:protectionLevel="signature" />
40-->[androidx.core:core:1.15.0] AndroidManifest.xml:24:9-44
41
42    <uses-permission android:name="com.github.jing332.tts_server_android.dev.DYNAMIC_RECEIVER_NOT_EXPORTED_PERMISSION" />
42-->[androidx.core:core:1.15.0] AndroidManifest.xml:26:5-97
42-->[androidx.core:core:1.15.0] AndroidManifest.xml:26:22-94
43
44    <application
44-->src/main/AndroidManifest.xml:36:5-326:19
45        android:name="com.github.jing332.tts_server_android.App"
45-->src/main/AndroidManifest.xml:37:9-28
46        android:allowBackup="true"
46-->src/main/AndroidManifest.xml:38:9-35
47        android:appComponentFactory="androidx.core.app.CoreComponentFactory"
47-->[androidx.core:core:1.15.0] AndroidManifest.xml:28:18-86
48        android:extractNativeLibs="true"
49        android:icon="@mipmap/ic_app_launcher"
49-->src/main/AndroidManifest.xml:39:9-47
50        android:label="@string/app_name"
50-->src/main/AndroidManifest.xml:40:9-41
51        android:networkSecurityConfig="@xml/network_security_config"
51-->[com.github.liangjingkanji:Net:3.7.0] AndroidManifest.xml:36:9-69
52        android:requestLegacyExternalStorage="true"
52-->src/main/AndroidManifest.xml:41:9-52
53        android:roundIcon="@mipmap/ic_app_launcher_round"
53-->src/main/AndroidManifest.xml:42:9-58
54        android:supportsRtl="true"
54-->src/main/AndroidManifest.xml:43:9-35
55        android:theme="@style/Theme.TtsServer"
55-->src/main/AndroidManifest.xml:44:9-47
56        android:usesCleartextTraffic="true" >
56-->src/main/AndroidManifest.xml:45:9-44
57        <activity
57-->src/main/AndroidManifest.xml:47:9-50:55
58            android:name="com.github.jing332.tts_server_android.ui.view.ErrorDialogActivity"
58-->src/main/AndroidManifest.xml:48:13-56
59            android:exported="false"
59-->src/main/AndroidManifest.xml:49:13-37
60            android:theme="@style/TranslucentTheme" />
60-->src/main/AndroidManifest.xml:50:13-52
61        <activity
61-->src/main/AndroidManifest.xml:51:9-53:40
62            android:name="com.github.jing332.tts_server_android.compose.systts.plugin.PluginPreviewActivity"
62-->src/main/AndroidManifest.xml:52:13-72
63            android:exported="false" />
63-->src/main/AndroidManifest.xml:53:13-37
64        <activity
64-->src/main/AndroidManifest.xml:54:9-57:60
65            android:name="com.github.jing332.tts_server_android.compose.systts.replace.ReplaceManagerActivity"
65-->src/main/AndroidManifest.xml:55:13-74
66            android:exported="true"
66-->src/main/AndroidManifest.xml:56:13-36
67            android:label="@string/replace_rule_manager" />
67-->src/main/AndroidManifest.xml:57:13-57
68        <activity
68-->src/main/AndroidManifest.xml:58:9-61:60
69            android:name="com.github.jing332.tts_server_android.compose.systts.directlink.LinkUploadRuleActivity"
69-->src/main/AndroidManifest.xml:59:13-77
70            android:exported="true"
70-->src/main/AndroidManifest.xml:60:13-36
71            android:label="@string/direct_link_settings" />
71-->src/main/AndroidManifest.xml:61:13-57
72        <activity
72-->src/main/AndroidManifest.xml:62:9-64:39
73            android:name="com.github.jing332.tts_server_android.ui.AppHelpDocumentActivity"
73-->src/main/AndroidManifest.xml:63:13-55
74            android:exported="true" />
74-->src/main/AndroidManifest.xml:64:13-36
75        <activity
75-->src/main/AndroidManifest.xml:65:9-68:59
76            android:name="com.github.jing332.tts_server_android.compose.settings.KeepAliveSettingsActivity"
76-->src/main/AndroidManifest.xml:66:13-71
77            android:exported="true"
77-->src/main/AndroidManifest.xml:67:13-36
78            android:label="@string/keep_alive_settings" />
78-->src/main/AndroidManifest.xml:68:13-56
79        <activity
79-->src/main/AndroidManifest.xml:69:9-99:20
80            android:name="com.github.jing332.tts_server_android.compose.backup.BackupRestoreActivity"
80-->src/main/AndroidManifest.xml:70:13-65
81            android:exported="true"
81-->src/main/AndroidManifest.xml:71:13-36
82            android:label="@string/backup_restore" >
82-->src/main/AndroidManifest.xml:72:13-51
83            <intent-filter>
83-->src/main/AndroidManifest.xml:73:13-83:29
84                <action android:name="android.intent.action.VIEW" />
84-->src/main/AndroidManifest.xml:74:17-69
84-->src/main/AndroidManifest.xml:74:25-66
85
86                <category android:name="android.intent.category.DEFAULT" />
86-->src/main/AndroidManifest.xml:76:17-76
86-->src/main/AndroidManifest.xml:76:27-73
87                <category android:name="android.intent.category.BROWSABLE" />
87-->src/main/AndroidManifest.xml:77:17-78
87-->src/main/AndroidManifest.xml:77:27-75
88
89                <data android:scheme="app" />
89-->src/main/AndroidManifest.xml:79:17-46
89-->src/main/AndroidManifest.xml:79:23-43
90                <data android:scheme="content" />
90-->src/main/AndroidManifest.xml:79:17-46
90-->src/main/AndroidManifest.xml:79:23-43
91                <data android:scheme="file" />
91-->src/main/AndroidManifest.xml:79:17-46
91-->src/main/AndroidManifest.xml:79:23-43
92                <data android:mimeType="application/zip" />
92-->src/main/AndroidManifest.xml:79:17-46
92-->src/main/AndroidManifest.xml:82:23-57
93            </intent-filter>
94            <intent-filter>
94-->src/main/AndroidManifest.xml:84:13-98:29
95                <action android:name="android.intent.action.VIEW" />
95-->src/main/AndroidManifest.xml:74:17-69
95-->src/main/AndroidManifest.xml:74:25-66
96
97                <category android:name="android.intent.category.DEFAULT" />
97-->src/main/AndroidManifest.xml:76:17-76
97-->src/main/AndroidManifest.xml:76:27-73
98                <category android:name="android.intent.category.BROWSABLE" />
98-->src/main/AndroidManifest.xml:77:17-78
98-->src/main/AndroidManifest.xml:77:27-75
99
100                <data android:host="*" />
100-->src/main/AndroidManifest.xml:79:17-46
100-->src/main/AndroidManifest.xml:90:23-39
101                <data android:scheme="app" />
101-->src/main/AndroidManifest.xml:79:17-46
101-->src/main/AndroidManifest.xml:79:23-43
102                <data android:scheme="content" />
102-->src/main/AndroidManifest.xml:79:17-46
102-->src/main/AndroidManifest.xml:79:23-43
103                <data android:scheme="file" />
103-->src/main/AndroidManifest.xml:79:17-46
103-->src/main/AndroidManifest.xml:79:23-43
104                <data android:mimeType="*/*" />
104-->src/main/AndroidManifest.xml:79:17-46
104-->src/main/AndroidManifest.xml:82:23-57
105                <data android:pathAdvancedPattern=".*\\.[zZ][iI][pP]" />
105-->src/main/AndroidManifest.xml:79:17-46
105-->src/main/AndroidManifest.xml:95:23-70
106                <data android:pathPattern=".*\\.zip" />
106-->src/main/AndroidManifest.xml:79:17-46
106-->src/main/AndroidManifest.xml:96:23-53
107                <data android:pathPattern=".*\\.ZIP" />
107-->src/main/AndroidManifest.xml:79:17-46
107-->src/main/AndroidManifest.xml:96:23-53
108            </intent-filter>
109        </activity>
110        <activity
110-->src/main/AndroidManifest.xml:100:9-102:55
111            android:name="com.github.jing332.tts_server_android.ui.FilePickerActivity"
111-->src/main/AndroidManifest.xml:101:13-50
112            android:theme="@style/TranslucentTheme" />
112-->src/main/AndroidManifest.xml:102:13-52
113        <activity
113-->src/main/AndroidManifest.xml:103:9-107:87
114            android:name="com.github.jing332.tts_server_android.compose.systts.speechrule.SpeechRuleManagerActivity"
114-->src/main/AndroidManifest.xml:104:13-80
115            android:exported="true"
115-->src/main/AndroidManifest.xml:105:13-36
116            android:label="@string/speech_rule_manager"
116-->src/main/AndroidManifest.xml:106:13-56
117            android:taskAffinity="com.github.jing332.tts_server_android.speechrule" />
117-->src/main/AndroidManifest.xml:107:13-84
118        <activity
118-->src/main/AndroidManifest.xml:108:9-111:56
119            android:name="com.github.jing332.tts_server_android.ui.ExoPlayerActivity"
119-->src/main/AndroidManifest.xml:109:13-49
120            android:exported="false"
120-->src/main/AndroidManifest.xml:110:13-37
121            android:label="@string/exo_player_title" />
121-->src/main/AndroidManifest.xml:111:13-53
122        <activity
122-->src/main/AndroidManifest.xml:112:9-115:54
123            android:name="com.github.jing332.tts_server_android.compose.systts.plugin.PluginManagerActivity"
123-->src/main/AndroidManifest.xml:113:13-72
124            android:exported="true"
124-->src/main/AndroidManifest.xml:114:13-36
125            android:label="@string/plugin_manager" />
125-->src/main/AndroidManifest.xml:115:13-51
126        <activity
126-->src/main/AndroidManifest.xml:116:9-164:20
127            android:name="com.github.jing332.tts_server_android.ui.ImportConfigActivity"
127-->src/main/AndroidManifest.xml:117:13-52
128            android:exported="true"
128-->src/main/AndroidManifest.xml:118:13-36
129            android:launchMode="singleTask"
129-->src/main/AndroidManifest.xml:119:13-44
130            android:taskAffinity="com.github.jing332.tts_server_android.import" >
130-->src/main/AndroidManifest.xml:120:13-80
131            <intent-filter>
131-->src/main/AndroidManifest.xml:121:13-128:29
132                <action android:name="android.intent.action.VIEW" />
132-->src/main/AndroidManifest.xml:74:17-69
132-->src/main/AndroidManifest.xml:74:25-66
133
134                <category android:name="android.intent.category.DEFAULT" />
134-->src/main/AndroidManifest.xml:76:17-76
134-->src/main/AndroidManifest.xml:76:27-73
135                <category android:name="android.intent.category.BROWSABLE" />
135-->src/main/AndroidManifest.xml:77:17-78
135-->src/main/AndroidManifest.xml:77:27-75
136
137                <data android:scheme="ttsrv" />
137-->src/main/AndroidManifest.xml:79:17-46
137-->src/main/AndroidManifest.xml:79:23-43
138            </intent-filter>
139            <intent-filter>
139-->src/main/AndroidManifest.xml:129:13-140:29
140                <action android:name="android.intent.action.VIEW" />
140-->src/main/AndroidManifest.xml:74:17-69
140-->src/main/AndroidManifest.xml:74:25-66
141
142                <category android:name="android.intent.category.DEFAULT" />
142-->src/main/AndroidManifest.xml:76:17-76
142-->src/main/AndroidManifest.xml:76:27-73
143                <category android:name="android.intent.category.BROWSABLE" />
143-->src/main/AndroidManifest.xml:77:17-78
143-->src/main/AndroidManifest.xml:77:27-75
144
145                <data android:scheme="app" />
145-->src/main/AndroidManifest.xml:79:17-46
145-->src/main/AndroidManifest.xml:79:23-43
146                <data android:scheme="content" />
146-->src/main/AndroidManifest.xml:79:17-46
146-->src/main/AndroidManifest.xml:79:23-43
147                <data android:scheme="file" />
147-->src/main/AndroidManifest.xml:79:17-46
147-->src/main/AndroidManifest.xml:79:23-43
148                <data android:mimeType="text/plain" />
148-->src/main/AndroidManifest.xml:79:17-46
148-->src/main/AndroidManifest.xml:82:23-57
149                <data android:mimeType="application/json" />
149-->src/main/AndroidManifest.xml:79:17-46
149-->src/main/AndroidManifest.xml:82:23-57
150            </intent-filter>
151            <intent-filter>
151-->src/main/AndroidManifest.xml:141:13-163:29
152                <action android:name="android.intent.action.VIEW" />
152-->src/main/AndroidManifest.xml:74:17-69
152-->src/main/AndroidManifest.xml:74:25-66
153
154                <category android:name="android.intent.category.DEFAULT" />
154-->src/main/AndroidManifest.xml:76:17-76
154-->src/main/AndroidManifest.xml:76:27-73
155                <category android:name="android.intent.category.BROWSABLE" />
155-->src/main/AndroidManifest.xml:77:17-78
155-->src/main/AndroidManifest.xml:77:27-75
156
157                <data android:host="*" />
157-->src/main/AndroidManifest.xml:79:17-46
157-->src/main/AndroidManifest.xml:90:23-39
158                <data android:scheme="app" />
158-->src/main/AndroidManifest.xml:79:17-46
158-->src/main/AndroidManifest.xml:79:23-43
159                <data android:scheme="content" />
159-->src/main/AndroidManifest.xml:79:17-46
159-->src/main/AndroidManifest.xml:79:23-43
160                <data android:scheme="file" />
160-->src/main/AndroidManifest.xml:79:17-46
160-->src/main/AndroidManifest.xml:79:23-43
161                <data android:mimeType="*/*" />
161-->src/main/AndroidManifest.xml:79:17-46
161-->src/main/AndroidManifest.xml:82:23-57
162                <!-- TXT -->
163                <data android:pathAdvancedPattern=".*\\.[tT][xX][tT]" />
163-->src/main/AndroidManifest.xml:79:17-46
163-->src/main/AndroidManifest.xml:95:23-70
164                <data android:pathPattern=".*\\.txt" />
164-->src/main/AndroidManifest.xml:79:17-46
164-->src/main/AndroidManifest.xml:96:23-53
165                <data android:pathPattern=".*\\.TXT" />
165-->src/main/AndroidManifest.xml:79:17-46
165-->src/main/AndroidManifest.xml:96:23-53
166                <!-- This media type is necessary, otherwise it won't match on the file extension -->
167                <data android:pathAdvancedPattern=".*\\.[jJ][sS][oO][nN]" />
167-->src/main/AndroidManifest.xml:79:17-46
167-->src/main/AndroidManifest.xml:95:23-70
168                <data android:pathPattern=".*\\.json" />
168-->src/main/AndroidManifest.xml:79:17-46
168-->src/main/AndroidManifest.xml:96:23-53
169                <data android:pathPattern=".*\\.JSON" />
169-->src/main/AndroidManifest.xml:79:17-46
169-->src/main/AndroidManifest.xml:96:23-53
170                <data android:pathAdvancedPattern=".*\\.[jJ][sS]" />
170-->src/main/AndroidManifest.xml:79:17-46
170-->src/main/AndroidManifest.xml:95:23-70
171                <data android:pathPattern=".*\\.js" />
171-->src/main/AndroidManifest.xml:79:17-46
171-->src/main/AndroidManifest.xml:96:23-53
172                <data android:pathPattern=".*\\.JS" />
172-->src/main/AndroidManifest.xml:79:17-46
172-->src/main/AndroidManifest.xml:96:23-53
173            </intent-filter>
174        </activity>
175        <activity android:name="com.github.jing332.tts_server_android.compose.LibrariesActivity" />
175-->src/main/AndroidManifest.xml:165:9-63
175-->src/main/AndroidManifest.xml:165:19-60
176        <activity
176-->src/main/AndroidManifest.xml:166:9-177:20
177            android:name="com.github.jing332.tts_server_android.compose.MainActivity"
177-->src/main/AndroidManifest.xml:167:13-49
178            android:exported="true"
178-->src/main/AndroidManifest.xml:168:13-36
179            android:launchMode="singleTask" >
179-->src/main/AndroidManifest.xml:169:13-44
180            <intent-filter>
180-->src/main/AndroidManifest.xml:170:13-176:29
181                <action android:name="android.intent.action.MAIN" />
181-->src/main/AndroidManifest.xml:171:17-69
181-->src/main/AndroidManifest.xml:171:25-66
182
183                <category android:name="android.intent.category.LAUNCHER" />
183-->src/main/AndroidManifest.xml:173:17-77
183-->src/main/AndroidManifest.xml:173:27-74
184
185                <action android:name="android.service.quicksettings.action.QS_TILE_PREFERENCES" />
185-->src/main/AndroidManifest.xml:175:17-99
185-->src/main/AndroidManifest.xml:175:25-96
186            </intent-filter>
187        </activity>
188        <activity android:name="com.github.jing332.tts_server_android.compose.systts.plugin.login.PluginLoginActivity" />
188-->src/main/AndroidManifest.xml:179:9-85
188-->src/main/AndroidManifest.xml:179:19-82
189        <activity
189-->src/main/AndroidManifest.xml:181:9-185:62
190            android:name="com.github.jing332.tts_server_android.ui.forwarder.SystemForwarderSwitchActivity"
190-->src/main/AndroidManifest.xml:182:13-71
191            android:exported="true"
191-->src/main/AndroidManifest.xml:183:13-36
192            android:taskAffinity="sc.switch"
192-->src/main/AndroidManifest.xml:184:13-45
193            android:theme="@android:style/Theme.NoDisplay" />
193-->src/main/AndroidManifest.xml:185:13-59
194        <activity
194-->src/main/AndroidManifest.xml:186:9-195:20
195            android:name="com.github.jing332.tts_server_android.service.systts.CheckVoiceData"
195-->src/main/AndroidManifest.xml:187:13-58
196            android:exported="true"
196-->src/main/AndroidManifest.xml:188:13-36
197            android:label="CheckVoiceData" >
197-->src/main/AndroidManifest.xml:189:13-43
198            <intent-filter>
198-->src/main/AndroidManifest.xml:190:13-194:29
199                <action android:name="android.speech.tts.engine.CHECK_TTS_DATA" />
199-->src/main/AndroidManifest.xml:191:17-83
199-->src/main/AndroidManifest.xml:191:25-80
200
201                <category android:name="android.intent.category.DEFAULT" />
201-->src/main/AndroidManifest.xml:76:17-76
201-->src/main/AndroidManifest.xml:76:27-73
202            </intent-filter>
203        </activity>
204        <activity
204-->src/main/AndroidManifest.xml:197:9-201:48
205            android:name="com.github.jing332.tts_server_android.compose.DebugSystemTtsActivity"
205-->src/main/AndroidManifest.xml:198:13-59
206            android:exported="true"
206-->src/main/AndroidManifest.xml:199:13-36
207            android:label="@string/debug"
207-->src/main/AndroidManifest.xml:200:13-42
208            android:taskAffinity="debug.tts" />
208-->src/main/AndroidManifest.xml:201:13-45
209
210        <service
210-->src/main/AndroidManifest.xml:203:9-210:19
211            android:name="androidx.appcompat.app.AppLocalesMetadataHolderService"
211-->src/main/AndroidManifest.xml:204:13-82
212            android:enabled="false"
212-->src/main/AndroidManifest.xml:205:13-36
213            android:exported="false" >
213-->src/main/AndroidManifest.xml:206:13-37
214            <meta-data
214-->src/main/AndroidManifest.xml:207:13-209:41
215                android:name="autoStoreLocales"
215-->src/main/AndroidManifest.xml:208:17-48
216                android:value="false" /> <!-- 禁用Android自动存储语言 -->
216-->src/main/AndroidManifest.xml:209:17-38
217        </service>
218        <service
218-->src/main/AndroidManifest.xml:211:9-226:19
219            android:name="com.github.jing332.tts_server_android.service.systts.SystemTtsService"
219-->src/main/AndroidManifest.xml:212:13-60
220            android:exported="true"
220-->src/main/AndroidManifest.xml:213:13-36
221            android:foregroundServiceType="mediaPlayback"
221-->src/main/AndroidManifest.xml:214:13-58
222            android:label="@string/app_name" >
222-->src/main/AndroidManifest.xml:215:13-45
223            <intent-filter>
223-->src/main/AndroidManifest.xml:217:13-221:29
224                <action android:name="android.intent.action.TTS_SERVICE" />
224-->src/main/AndroidManifest.xml:7:13-72
224-->src/main/AndroidManifest.xml:7:21-69
225
226                <category android:name="android.intent.category.DEFAULT" />
226-->src/main/AndroidManifest.xml:76:17-76
226-->src/main/AndroidManifest.xml:76:27-73
227            </intent-filter>
228
229            <meta-data
229-->src/main/AndroidManifest.xml:223:13-225:54
230                android:name="android.speech.tts"
230-->src/main/AndroidManifest.xml:224:17-50
231                android:resource="@xml/tts_engine" />
231-->src/main/AndroidManifest.xml:225:17-51
232        </service>
233        <service
233-->src/main/AndroidManifest.xml:228:9-238:19
234            android:name="com.github.jing332.tts_server_android.service.forwarder.system.QSTileService"
234-->src/main/AndroidManifest.xml:229:13-67
235            android:exported="true"
235-->src/main/AndroidManifest.xml:230:13-36
236            android:icon="@drawable/ic_app_notification"
236-->src/main/AndroidManifest.xml:231:13-57
237            android:label="@string/forwarder_systts"
237-->src/main/AndroidManifest.xml:232:13-53
238            android:permission="android.permission.BIND_QUICK_SETTINGS_TILE" >
238-->src/main/AndroidManifest.xml:233:13-77
239            <intent-filter>
239-->src/main/AndroidManifest.xml:235:13-237:29
240                <action android:name="android.service.quicksettings.action.QS_TILE" />
240-->src/main/AndroidManifest.xml:236:17-87
240-->src/main/AndroidManifest.xml:236:25-84
241            </intent-filter>
242        </service>
243        <service
243-->src/main/AndroidManifest.xml:239:9-244:61
244            android:name="com.github.jing332.tts_server_android.service.forwarder.system.SysTtsForwarderService"
244-->src/main/AndroidManifest.xml:240:13-76
245            android:enabled="true"
245-->src/main/AndroidManifest.xml:241:13-35
246            android:exported="true"
246-->src/main/AndroidManifest.xml:242:13-36
247            android:foregroundServiceType="mediaPlayback" />
247-->src/main/AndroidManifest.xml:243:13-58
248
249        <!-- 后台保活服务 -->
250        <service
250-->src/main/AndroidManifest.xml:247:9-251:58
251            android:name="com.github.jing332.tts_server_android.service.keepalive.KeepAliveService"
251-->src/main/AndroidManifest.xml:248:13-63
252            android:enabled="true"
252-->src/main/AndroidManifest.xml:249:13-35
253            android:exported="false"
253-->src/main/AndroidManifest.xml:250:13-37
254            android:foregroundServiceType="specialUse" />
254-->src/main/AndroidManifest.xml:251:13-55
255
256        <!-- JobScheduler 保活服务 -->
257        <service
257-->src/main/AndroidManifest.xml:254:9-258:72
258            android:name="com.github.jing332.tts_server_android.service.keepalive.KeepAliveJobService"
258-->src/main/AndroidManifest.xml:255:13-66
259            android:enabled="true"
259-->src/main/AndroidManifest.xml:256:13-35
260            android:exported="false"
260-->src/main/AndroidManifest.xml:257:13-37
261            android:permission="android.permission.BIND_JOB_SERVICE" />
261-->src/main/AndroidManifest.xml:258:13-69
262
263        <!-- 无障碍保活服务 -->
264        <service
264-->src/main/AndroidManifest.xml:261:9-273:19
265            android:name="com.github.jing332.tts_server_android.service.keepalive.AccessibilityKeepAliveService"
265-->src/main/AndroidManifest.xml:262:13-76
266            android:enabled="true"
266-->src/main/AndroidManifest.xml:263:13-35
267            android:exported="true"
267-->src/main/AndroidManifest.xml:264:13-36
268            android:label="@string/keep_alive_accessibility_label"
268-->src/main/AndroidManifest.xml:266:13-67
269            android:permission="android.permission.BIND_ACCESSIBILITY_SERVICE" >
269-->src/main/AndroidManifest.xml:265:13-79
270            <intent-filter>
270-->src/main/AndroidManifest.xml:267:13-269:29
271                <action android:name="android.accessibilityservice.AccessibilityService" />
271-->src/main/AndroidManifest.xml:268:17-92
271-->src/main/AndroidManifest.xml:268:25-89
272            </intent-filter>
273
274            <meta-data
274-->src/main/AndroidManifest.xml:270:13-272:72
275                android:name="android.accessibilityservice"
275-->src/main/AndroidManifest.xml:271:17-60
276                android:resource="@xml/accessibility_service_config" />
276-->src/main/AndroidManifest.xml:272:17-69
277        </service>
278
279        <!-- 通知监听保活服务 -->
280        <service
280-->src/main/AndroidManifest.xml:276:9-285:19
281            android:name="com.github.jing332.tts_server_android.service.keepalive.NotificationKeepAliveService"
281-->src/main/AndroidManifest.xml:277:13-75
282            android:enabled="true"
282-->src/main/AndroidManifest.xml:278:13-35
283            android:exported="true"
283-->src/main/AndroidManifest.xml:279:13-36
284            android:label="@string/keep_alive_notification_label"
284-->src/main/AndroidManifest.xml:281:13-66
285            android:permission="android.permission.BIND_NOTIFICATION_LISTENER_SERVICE" >
285-->src/main/AndroidManifest.xml:280:13-87
286            <intent-filter>
286-->src/main/AndroidManifest.xml:282:13-284:29
287                <action android:name="android.service.notification.NotificationListenerService" />
287-->src/main/AndroidManifest.xml:283:17-99
287-->src/main/AndroidManifest.xml:283:25-96
288            </intent-filter>
289        </service>
290
291        <!-- 闹钟唤醒接收器 -->
292        <receiver
292-->src/main/AndroidManifest.xml:288:9-291:40
293            android:name="com.github.jing332.tts_server_android.service.keepalive.AlarmKeepAliveReceiver"
293-->src/main/AndroidManifest.xml:289:13-69
294            android:enabled="true"
294-->src/main/AndroidManifest.xml:290:13-35
295            android:exported="false" />
295-->src/main/AndroidManifest.xml:291:13-37
296
297        <!-- 网络连接保活服务（对转发器有用） -->
298        <service
298-->src/main/AndroidManifest.xml:294:9-298:56
299            android:name="com.github.jing332.tts_server_android.service.keepalive.NetworkKeepAliveService"
299-->src/main/AndroidManifest.xml:295:13-70
300            android:enabled="true"
300-->src/main/AndroidManifest.xml:296:13-35
301            android:exported="false"
301-->src/main/AndroidManifest.xml:297:13-37
302            android:foregroundServiceType="dataSync" />
302-->src/main/AndroidManifest.xml:298:13-53
303
304        <!-- 像素保活服务（1像素悬浮窗） -->
305        <service
305-->src/main/AndroidManifest.xml:301:9-304:40
306            android:name="com.github.jing332.tts_server_android.service.keepalive.PixelKeepAliveService"
306-->src/main/AndroidManifest.xml:302:13-68
307            android:enabled="true"
307-->src/main/AndroidManifest.xml:303:13-35
308            android:exported="false" />
308-->src/main/AndroidManifest.xml:304:13-37
309
310        <!-- 开机自启动接收器 -->
311        <receiver